Using pre-set license
Built from '2021.3/staging' branch; Version is '2021.3.8f1 (b30333d56e81) revision 11731763'; Using compiler version '192829333'; Build Type 'Release'
OS: 'Windows 10  (10.0.17134) 64bit Professional' Language: 'es' Physical Memory: 16128 MB
BatchMode: 1, IsHumanControllingUs: 0, StartBugReporterOnCrash: 0, Is64bit: 1, IsPro: 1

COMMAND LINE ARGUMENTS:
C:\Program Files\Unity\Hub\Editor\2021.3.8f1\Editor\Unity.exe
-adb2
-batchMode
-noUpm
-name
AssetImportWorker1
-projectPath
C:/Users/47872500/My project
-logFile
Logs/AssetImportWorker1.log
-srvPort
56514
Successfully changed project path to: C:/Users/47872500/My project
C:/Users/47872500/My project
[UnityMemory] Configuration Parameters - Can be set up in boot.config
    "memorysetup-bucket-allocator-granularity=16"
    "memorysetup-bucket-allocator-bucket-count=8"
    "memorysetup-bucket-allocator-block-size=33554432"
    "memorysetup-bucket-allocator-block-count=8"
    "memorysetup-main-allocator-block-size=16777216"
    "memorysetup-thread-allocator-block-size=16777216"
    "memorysetup-gfx-main-allocator-block-size=16777216"
    "memorysetup-gfx-thread-allocator-block-size=16777216"
    "memorysetup-cache-allocator-block-size=4194304"
    "memorysetup-typetree-allocator-block-size=2097152"
    "memorysetup-profiler-bucket-allocator-granularity=16"
    "memorysetup-profiler-bucket-allocator-bucket-count=8"
    "memorysetup-profiler-bucket-allocator-block-size=33554432"
    "memorysetup-profiler-bucket-allocator-block-count=8"
    "memorysetup-profiler-allocator-block-size=16777216"
    "memorysetup-profiler-editor-allocator-block-size=1048576"
    "memorysetup-temp-allocator-size-main=16777216"
    "memorysetup-job-temp-allocator-block-size=2097152"
    "memorysetup-job-temp-allocator-block-size-background=1048576"
    "memorysetup-job-temp-allocator-reduction-small-platforms=262144"
    "memorysetup-temp-allocator-size-background-worker=32768"
    "memorysetup-temp-allocator-size-job-worker=262144"
    "memorysetup-temp-allocator-size-preload-manager=33554432"
    "memorysetup-temp-allocator-size-nav-mesh-worker=65536"
    "memorysetup-temp-allocator-size-audio-worker=65536"
    "memorysetup-temp-allocator-size-cloud-worker=32768"
    "memorysetup-temp-allocator-size-gi-baking-worker=262144"
    "memorysetup-temp-allocator-size-gfx=262144"
Refreshing native plugins compatible for Editor in 57.48 ms, found 3 plugins.
Preloading 0 native plugins for Editor in 0.00 ms.
Initialize engine version: 2021.3.8f1 (b30333d56e81)
[Subsystems] Discovering subsystems at path C:/Program Files/Unity/Hub/Editor/2021.3.8f1/Editor/Data/Resources/UnitySubsystems
[Subsystems] Discovering subsystems at path C:/Users/47872500/My project/Assets
GfxDevice: creating device client; threaded=0; jobified=0
Direct3D:
    Version:  Direct3D 11.0 [level 11.1]
    Renderer: Intel(R) UHD Graphics 750 (ID=0x4c8a)
    Vendor:   Intel
    VRAM:     8064 MB
    Driver:   27.20.100.9415
Initialize mono
Mono path[0] = 'C:/Program Files/Unity/Hub/Editor/2021.3.8f1/Editor/Data/Managed'
Mono path[1] = 'C:/Program Files/Unity/Hub/Editor/2021.3.8f1/Editor/Data/MonoBleedingEdge/lib/mono/unityjit-win32'
Mono config path = 'C:/Program Files/Unity/Hub/Editor/2021.3.8f1/Editor/Data/MonoBleedingEdge/etc'
Using monoOptions --debugger-agent=transport=dt_socket,embedding=1,server=y,suspend=n,address=127.0.0.1:56192
Begin MonoManager ReloadAssembly
Registering precompiled unity dll's ...
Register platform support module: C:/Program Files/Unity/Hub/Editor/2021.3.8f1/Editor/Data/PlaybackEngines/WebGLSupport/UnityEditor.WebGL.Extensions.dll
Register platform support module: C:/Program Files/Unity/Hub/Editor/2021.3.8f1/Editor/Data/PlaybackEngines/WindowsStandaloneSupport/UnityEditor.WindowsStandalone.Extensions.dll
Registered in 0.002463 seconds.
Native extension for WindowsStandalone target not found
Native extension for WebGL target not found
Refreshing native plugins compatible for Editor in 74.26 ms, found 3 plugins.
Preloading 0 native plugins for Editor in 0.00 ms.
Mono: successfully reloaded assembly
- Completed reload, in  0.513 seconds
Domain Reload Profiling:
	ReloadAssembly (513ms)
		BeginReloadAssembly (48ms)
			ExecutionOrderSort (0ms)
			DisableScriptedObjects (0ms)
			BackupInstance (0ms)
			ReleaseScriptingObjects (0ms)
			CreateAndSetChildDomain (1ms)
		EndReloadAssembly (390ms)
			LoadAssemblies (48ms)
			RebuildTransferFunctionScriptingTraits (0ms)
			SetupTypeCache (102ms)
			ReleaseScriptCaches (0ms)
			RebuildScriptCaches (22ms)
			SetupLoadedEditorAssemblies (217ms)
				LogAssemblyErrors (0ms)
				InitializePlatformSupportModulesInManaged (6ms)
				SetLoadedEditorAssemblies (0ms)
				RefreshPlugins (74ms)
				BeforeProcessingInitializeOnLoad (1ms)
				ProcessInitializeOnLoadAttributes (101ms)
				ProcessInitializeOnLoadMethodAttributes (34ms)
				AfterProcessingInitializeOnLoad (0ms)
				EditorAssembliesLoaded (0ms)
			ExecutionOrderSort2 (0ms)
			AwakeInstancesAfterBackupRestoration (0ms)
Platform modules already initialized, skipping
Registering precompiled user dll's ...
Registered in 0.005046 seconds.
Begin MonoManager ReloadAssembly
Symbol file LoadedFromMemory doesn't match image C:\Users\47872500\My project\Library\PackageCache\com.unity.visualscripting@1.7.8\Editor\VisualScripting.Core\Dependencies\YamlDotNet\Unity.VisualScripting.YamlDotNet.dll
Symbol file LoadedFromMemory doesn't match image C:\Users\47872500\My project\Library\PackageCache\com.unity.visualscripting@1.7.8\Editor\VisualScripting.Core\Dependencies\DotNetZip\Unity.VisualScripting.IonicZip.dll
Native extension for WindowsStandalone target not found
Native extension for WebGL target not found
Refreshing native plugins compatible for Editor in 0.39 ms, found 3 plugins.
Preloading 0 native plugins for Editor in 0.00 ms.
Mono: successfully reloaded assembly
- Completed reload, in  0.667 seconds
Domain Reload Profiling:
	ReloadAssembly (668ms)
		BeginReloadAssembly (76ms)
			ExecutionOrderSort (0ms)
			DisableScriptedObjects (4ms)
			BackupInstance (0ms)
			ReleaseScriptingObjects (0ms)
			CreateAndSetChildDomain (15ms)
		EndReloadAssembly (513ms)
			LoadAssemblies (58ms)
			RebuildTransferFunctionScriptingTraits (0ms)
			SetupTypeCache (167ms)
			ReleaseScriptCaches (1ms)
			RebuildScriptCaches (34ms)
			SetupLoadedEditorAssemblies (231ms)
				LogAssemblyErrors (0ms)
				InitializePlatformSupportModulesInManaged (4ms)
				SetLoadedEditorAssemblies (0ms)
				RefreshPlugins (0ms)
				BeforeProcessingInitializeOnLoad (54ms)
				ProcessInitializeOnLoadAttributes (152ms)
				ProcessInitializeOnLoadMethodAttributes (19ms)
				AfterProcessingInitializeOnLoad (2ms)
				EditorAssembliesLoaded (0ms)
			ExecutionOrderSort2 (0ms)
			AwakeInstancesAfterBackupRestoration (5ms)
Platform modules already initialized, skipping
========================================================================
Worker process is ready to serve import requests
Launched and connected shader compiler UnityShaderCompiler.exe after 0.02 seconds
Refreshing native plugins compatible for Editor in 0.49 ms, found 3 plugins.
Preloading 0 native plugins for Editor in 0.00 ms.
Unloading 3381 Unused Serialized files (Serialized files now loaded: 0)
Unloading 27 unused Assets / (111.4 KB). Loaded Objects now: 3838.
Memory consumption went from 116.3 MB to 116.2 MB.
Total: 2.392254 ms (FindLiveObjects: 0.225315 ms CreateObjectMapping: 0.107543 ms MarkObjects: 1.980200 ms  DeleteObjects: 0.078027 ms)

AssetImportParameters requested are different than current active one (requested -> active):
  custom:video-decoder-ogg-theora: a1e56fd34408186e4bbccfd4996cb3dc -> 
  custom:container-muxer-webm: aa71ff27fc2769a1b78a27578f13a17b -> 
  custom:container-demuxer-webm: 4f35f7cbe854078d1ac9338744f61a02 -> 
  custom:video-encoder-webm-vp8: eb34c28f22e8b96e1ab97ce403110664 -> 
  custom:audio-encoder-webm-vorbis: bf7c407c2cedff20999df2af8eb42d56 -> 
  custom:framework-win-MediaFoundation: 216162199b28c13a410421893ffa2e32 -> 
  custom:container-demuxer-ogg: 62fdf1f143b41e24485cea50d1cbac27 -> 
  custom:video-decoder-webm-vp8: 9c59270c3fd7afecdb556c50c9e8de78 -> 
  custom:audio-decoder-ogg-vorbis: bf7c407c2cedff20999df2af8eb42d56 -> 
========================================================================
Received Import Request.
  Time since last request: 670.246083 seconds.
  path: Assets/Models/Filete.prefab
  artifactKey: Guid(4133a5b072a6ef3468dc815a1d2edd30) Importer(815301076,1909f56bfc062723c751e8b465ee728b)
Start importing Assets/Models/Filete.prefab using Guid(4133a5b072a6ef3468dc815a1d2edd30) Importer(815301076,1909f56bfc062723c751e8b465ee728b)  -> (artifact id: '5bea7934bd45988e3a8ddad83d73d1b0') in 0.242262 seconds 
========================================================================
Received Import Request.
  Time since last request: 0.042378 seconds.
  path: Assets/Models/Manzana.fbx
  artifactKey: Guid(ed5d8b49d4fe71249a754a5fe0330f20) Importer(815301076,1909f56bfc062723c751e8b465ee728b)
Start importing Assets/Models/Manzana.fbx using Guid(ed5d8b49d4fe71249a754a5fe0330f20) Importer(815301076,1909f56bfc062723c751e8b465ee728b)  -> (artifact id: 'deba4cf8af1d6d488389057cf14faa40') in 0.066876 seconds 
========================================================================
Received Import Request.
  Time since last request: 98.667330 seconds.
  path: Assets/Models/Bursztyn_Martin_48242450.fbx
  artifactKey: Guid(fca2aa027cfe4884484d69bb7c99c937) Importer(815301076,1909f56bfc062723c751e8b465ee728b)
Start importing Assets/Models/Bursztyn_Martin_48242450.fbx using Guid(fca2aa027cfe4884484d69bb7c99c937) Importer(815301076,1909f56bfc062723c751e8b465ee728b)  -> (artifact id: '2b74b76f6ad5c07384d438858f0ac7a3') in 0.030076 seconds 
========================================================================
Received Import Request.
  Time since last request: 0.210525 seconds.
  path: Assets/Models/Eslar_Facundo Agustin_48242081.fbx
  artifactKey: Guid(2eb5a998de1759d418858959c9a633f3) Importer(815301076,1909f56bfc062723c751e8b465ee728b)
Start importing Assets/Models/Eslar_Facundo Agustin_48242081.fbx using Guid(2eb5a998de1759d418858959c9a633f3) Importer(815301076,1909f56bfc062723c751e8b465ee728b)  -> (artifact id: 'c000f52b3dd4fe07124e9ba3f9897c1a') in 0.015626 seconds 
========================================================================
Received Import Request.
  Time since last request: 0.226944 seconds.
  path: Assets/Models/Kovalsky Ninni_Agustin_48588255.fbx
  artifactKey: Guid(dbd78e09f454043439e353707a558239) Importer(815301076,1909f56bfc062723c751e8b465ee728b)
Start importing Assets/Models/Kovalsky Ninni_Agustin_48588255.fbx using Guid(dbd78e09f454043439e353707a558239) Importer(815301076,1909f56bfc062723c751e8b465ee728b)  -> (artifact id: 'e78a0b67bfbe5fde4be0c8f60cff366c') in 0.021718 seconds 
========================================================================
Received Import Request.
  Time since last request: 0.000032 seconds.
  path: Assets/Models/Prokopiec_Victoria Abril_48460663.fbx
  artifactKey: Guid(7f63efc0f8f08e64fb33a5afbe207861) Importer(815301076,1909f56bfc062723c751e8b465ee728b)
Start importing Assets/Models/Prokopiec_Victoria Abril_48460663.fbx using Guid(7f63efc0f8f08e64fb33a5afbe207861) Importer(815301076,1909f56bfc062723c751e8b465ee728b)  -> (artifact id: 'f1ee441ff18c175c3aa7529b52b1476f') in 0.021160 seconds 
========================================================================
Received Import Request.
  Time since last request: 0.000021 seconds.
  path: Assets/Models/Schusterman_Thomas_48461798.fbx
  artifactKey: Guid(31b59f942beae3f4d9c8e812d4a8d216) Importer(815301076,1909f56bfc062723c751e8b465ee728b)
Start importing Assets/Models/Schusterman_Thomas_48461798.fbx using Guid(31b59f942beae3f4d9c8e812d4a8d216) Importer(815301076,1909f56bfc062723c751e8b465ee728b)  -> (artifact id: '71d271b61d62c0d60d0d2f979c268eda') in 0.020946 seconds 
========================================================================
Received Import Request.
  Time since last request: 0.000031 seconds.
  path: Assets/Models/Tiberti_Juana_48038881.fbx
  artifactKey: Guid(4cbff9bb8ed7de143bc6dbea3e41b354) Importer(815301076,1909f56bfc062723c751e8b465ee728b)
Start importing Assets/Models/Tiberti_Juana_48038881.fbx using Guid(4cbff9bb8ed7de143bc6dbea3e41b354) Importer(815301076,1909f56bfc062723c751e8b465ee728b)  -> (artifact id: 'd2d96686813bd03d1b81c18b2824e322') in 0.023738 seconds 
========================================================================
Received Import Request.
  Time since last request: 0.000021 seconds.
  path: Assets/Models/Majic_Tobias Esteban_48240634.fbx
  artifactKey: Guid(f92e86068b5345543ab7c00a09ac76cb) Importer(815301076,1909f56bfc062723c751e8b465ee728b)
Start importing Assets/Models/Majic_Tobias Esteban_48240634.fbx using Guid(f92e86068b5345543ab7c00a09ac76cb) Importer(815301076,1909f56bfc062723c751e8b465ee728b)  -> (artifact id: 'c272f236960166051a7dcb5b2cd3acff') in 0.018010 seconds 
========================================================================
Received Import Request.
  Time since last request: 0.000018 seconds.
  path: Assets/Models/Fernandez De La Torre_Joaquin_48180936.fbx
  artifactKey: Guid(383ab1f7a5dee5f4fbbe2639d24e6b4b) Importer(815301076,1909f56bfc062723c751e8b465ee728b)
Start importing Assets/Models/Fernandez De La Torre_Joaquin_48180936.fbx using Guid(383ab1f7a5dee5f4fbbe2639d24e6b4b) Importer(815301076,1909f56bfc062723c751e8b465ee728b)  -> (artifact id: '458189bbc0b17bed56dc67675a109f1a') in 0.027530 seconds 
Editor requested this worker to shutdown with reason: Scaling down because of idle timeout
AssetImportWorker is now disconnected from the server
Process exiting
Exiting without the bug reporter. Application will terminate with return code 0