Using pre-set license
Built from '2021.3/staging' branch; Version is '2021.3.8f1 (b30333d56e81) revision 11731763'; Using compiler version '192829333'; Build Type 'Release'
OS: 'Windows 10  (10.0.17134) 64bit Professional' Language: 'es' Physical Memory: 16128 MB
BatchMode: 1, IsHumanControllingUs: 0, StartBugReporterOnCrash: 0, Is64bit: 1, IsPro: 1

COMMAND LINE ARGUMENTS:
C:\Program Files\Unity\Hub\Editor\2021.3.8f1\Editor\Unity.exe
-adb2
-batchMode
-noUpm
-name
AssetImportWorker2
-projectPath
C:/Users/47872500/My project
-logFile
Logs/AssetImportWorker2.log
-srvPort
56514
Successfully changed project path to: C:/Users/47872500/My project
C:/Users/47872500/My project
[UnityMemory] Configuration Parameters - Can be set up in boot.config
    "memorysetup-bucket-allocator-granularity=16"
    "memorysetup-bucket-allocator-bucket-count=8"
    "memorysetup-bucket-allocator-block-size=33554432"
    "memorysetup-bucket-allocator-block-count=8"
    "memorysetup-main-allocator-block-size=16777216"
    "memorysetup-thread-allocator-block-size=16777216"
    "memorysetup-gfx-main-allocator-block-size=16777216"
    "memorysetup-gfx-thread-allocator-block-size=16777216"
    "memorysetup-cache-allocator-block-size=4194304"
    "memorysetup-typetree-allocator-block-size=2097152"
    "memorysetup-profiler-bucket-allocator-granularity=16"
    "memorysetup-profiler-bucket-allocator-bucket-count=8"
    "memorysetup-profiler-bucket-allocator-block-size=33554432"
    "memorysetup-profiler-bucket-allocator-block-count=8"
    "memorysetup-profiler-allocator-block-size=16777216"
    "memorysetup-profiler-editor-allocator-block-size=1048576"
    "memorysetup-temp-allocator-size-main=16777216"
    "memorysetup-job-temp-allocator-block-size=2097152"
    "memorysetup-job-temp-allocator-block-size-background=1048576"
    "memorysetup-job-temp-allocator-reduction-small-platforms=262144"
    "memorysetup-temp-allocator-size-background-worker=32768"
    "memorysetup-temp-allocator-size-job-worker=262144"
    "memorysetup-temp-allocator-size-preload-manager=33554432"
    "memorysetup-temp-allocator-size-nav-mesh-worker=65536"
    "memorysetup-temp-allocator-size-audio-worker=65536"
    "memorysetup-temp-allocator-size-cloud-worker=32768"
    "memorysetup-temp-allocator-size-gi-baking-worker=262144"
    "memorysetup-temp-allocator-size-gfx=262144"
Refreshing native plugins compatible for Editor in 56.48 ms, found 3 plugins.
Preloading 0 native plugins for Editor in 0.00 ms.
Initialize engine version: 2021.3.8f1 (b30333d56e81)
[Subsystems] Discovering subsystems at path C:/Program Files/Unity/Hub/Editor/2021.3.8f1/Editor/Data/Resources/UnitySubsystems
[Subsystems] Discovering subsystems at path C:/Users/47872500/My project/Assets
GfxDevice: creating device client; threaded=0; jobified=0
Direct3D:
    Version:  Direct3D 11.0 [level 11.1]
    Renderer: Intel(R) UHD Graphics 750 (ID=0x4c8a)
    Vendor:   Intel
    VRAM:     8064 MB
    Driver:   27.20.100.9415
Initialize mono
Mono path[0] = 'C:/Program Files/Unity/Hub/Editor/2021.3.8f1/Editor/Data/Managed'
Mono path[1] = 'C:/Program Files/Unity/Hub/Editor/2021.3.8f1/Editor/Data/MonoBleedingEdge/lib/mono/unityjit-win32'
Mono config path = 'C:/Program Files/Unity/Hub/Editor/2021.3.8f1/Editor/Data/MonoBleedingEdge/etc'
Using monoOptions --debugger-agent=transport=dt_socket,embedding=1,server=y,suspend=n,address=127.0.0.1:56356
Begin MonoManager ReloadAssembly
Registering precompiled unity dll's ...
Register platform support module: C:/Program Files/Unity/Hub/Editor/2021.3.8f1/Editor/Data/PlaybackEngines/WebGLSupport/UnityEditor.WebGL.Extensions.dll
Register platform support module: C:/Program Files/Unity/Hub/Editor/2021.3.8f1/Editor/Data/PlaybackEngines/WindowsStandaloneSupport/UnityEditor.WindowsStandalone.Extensions.dll
Registered in 0.001843 seconds.
Native extension for WindowsStandalone target not found
Native extension for WebGL target not found
Refreshing native plugins compatible for Editor in 57.10 ms, found 3 plugins.
Preloading 0 native plugins for Editor in 0.00 ms.
Mono: successfully reloaded assembly
- Completed reload, in  0.425 seconds
Domain Reload Profiling:
	ReloadAssembly (426ms)
		BeginReloadAssembly (48ms)
			ExecutionOrderSort (0ms)
			DisableScriptedObjects (0ms)
			BackupInstance (0ms)
			ReleaseScriptingObjects (0ms)
			CreateAndSetChildDomain (1ms)
		EndReloadAssembly (309ms)
			LoadAssemblies (47ms)
			RebuildTransferFunctionScriptingTraits (0ms)
			SetupTypeCache (69ms)
			ReleaseScriptCaches (0ms)
			RebuildScriptCaches (19ms)
			SetupLoadedEditorAssemblies (188ms)
				LogAssemblyErrors (0ms)
				InitializePlatformSupportModulesInManaged (5ms)
				SetLoadedEditorAssemblies (0ms)
				RefreshPlugins (57ms)
				BeforeProcessingInitializeOnLoad (1ms)
				ProcessInitializeOnLoadAttributes (90ms)
				ProcessInitializeOnLoadMethodAttributes (34ms)
				AfterProcessingInitializeOnLoad (0ms)
				EditorAssembliesLoaded (0ms)
			ExecutionOrderSort2 (0ms)
			AwakeInstancesAfterBackupRestoration (0ms)
Platform modules already initialized, skipping
Registering precompiled user dll's ...
Registered in 0.002681 seconds.
Begin MonoManager ReloadAssembly
Symbol file LoadedFromMemory doesn't match image C:\Users\47872500\My project\Library\PackageCache\com.unity.visualscripting@1.7.8\Editor\VisualScripting.Core\Dependencies\YamlDotNet\Unity.VisualScripting.YamlDotNet.dll
Symbol file LoadedFromMemory doesn't match image C:\Users\47872500\My project\Library\PackageCache\com.unity.visualscripting@1.7.8\Editor\VisualScripting.Core\Dependencies\DotNetZip\Unity.VisualScripting.IonicZip.dll
Native extension for WindowsStandalone target not found
Native extension for WebGL target not found
Refreshing native plugins compatible for Editor in 0.37 ms, found 3 plugins.
Preloading 0 native plugins for Editor in 0.00 ms.
Mono: successfully reloaded assembly
- Completed reload, in  0.691 seconds
Domain Reload Profiling:
	ReloadAssembly (692ms)
		BeginReloadAssembly (72ms)
			ExecutionOrderSort (0ms)
			DisableScriptedObjects (4ms)
			BackupInstance (0ms)
			ReleaseScriptingObjects (0ms)
			CreateAndSetChildDomain (15ms)
		EndReloadAssembly (547ms)
			LoadAssemblies (54ms)
			RebuildTransferFunctionScriptingTraits (0ms)
			SetupTypeCache (181ms)
			ReleaseScriptCaches (0ms)
			RebuildScriptCaches (35ms)
			SetupLoadedEditorAssemblies (250ms)
				LogAssemblyErrors (0ms)
				InitializePlatformSupportModulesInManaged (4ms)
				SetLoadedEditorAssemblies (0ms)
				RefreshPlugins (0ms)
				BeforeProcessingInitializeOnLoad (57ms)
				ProcessInitializeOnLoadAttributes (166ms)
				ProcessInitializeOnLoadMethodAttributes (20ms)
				AfterProcessingInitializeOnLoad (2ms)
				EditorAssembliesLoaded (0ms)
			ExecutionOrderSort2 (0ms)
			AwakeInstancesAfterBackupRestoration (5ms)
Platform modules already initialized, skipping
========================================================================
Worker process is ready to serve import requests
Launched and connected shader compiler UnityShaderCompiler.exe after 0.02 seconds
Refreshing native plugins compatible for Editor in 0.37 ms, found 3 plugins.
Preloading 0 native plugins for Editor in 0.00 ms.
Unloading 3381 Unused Serialized files (Serialized files now loaded: 0)
Unloading 27 unused Assets / (111.4 KB). Loaded Objects now: 3838.
Memory consumption went from 116.3 MB to 116.2 MB.
Total: 2.026958 ms (FindLiveObjects: 0.189370 ms CreateObjectMapping: 0.082703 ms MarkObjects: 1.673935 ms  DeleteObjects: 0.080073 ms)

AssetImportParameters requested are different than current active one (requested -> active):
  custom:video-decoder-ogg-theora: a1e56fd34408186e4bbccfd4996cb3dc -> 
  custom:container-muxer-webm: aa71ff27fc2769a1b78a27578f13a17b -> 
  custom:container-demuxer-webm: 4f35f7cbe854078d1ac9338744f61a02 -> 
  custom:video-encoder-webm-vp8: eb34c28f22e8b96e1ab97ce403110664 -> 
  custom:audio-encoder-webm-vorbis: bf7c407c2cedff20999df2af8eb42d56 -> 
  custom:framework-win-MediaFoundation: 216162199b28c13a410421893ffa2e32 -> 
  custom:container-demuxer-ogg: 62fdf1f143b41e24485cea50d1cbac27 -> 
  custom:video-decoder-webm-vp8: 9c59270c3fd7afecdb556c50c9e8de78 -> 
  custom:audio-decoder-ogg-vorbis: bf7c407c2cedff20999df2af8eb42d56 -> 
========================================================================
Received Import Request.
  Time since last request: 769.275249 seconds.
  path: Assets/Models/Blanco_Joaquín_48386218.fbx
  artifactKey: Guid(50866d03244c9d74c8d95c3fb3d4e18c) Importer(815301076,1909f56bfc062723c751e8b465ee728b)
Start importing Assets/Models/Blanco_Joaquín_48386218.fbx using Guid(50866d03244c9d74c8d95c3fb3d4e18c) Importer(815301076,1909f56bfc062723c751e8b465ee728b)  -> (artifact id: 'f528897797a74118f28c78ac6eb6c4d4') in 0.107454 seconds 
========================================================================
Received Import Request.
  Time since last request: 0.133097 seconds.
  path: Assets/Models/Esquinas Epstein_Nicolas_50202280.fbx
  artifactKey: Guid(cd692a3e5282ae1488c58e029fdd2cb4) Importer(815301076,1909f56bfc062723c751e8b465ee728b)
Start importing Assets/Models/Esquinas Epstein_Nicolas_50202280.fbx using Guid(cd692a3e5282ae1488c58e029fdd2cb4) Importer(815301076,1909f56bfc062723c751e8b465ee728b)  -> (artifact id: 'c89c3cc8143bbb3a6b06c4855028b0a3') in 0.015734 seconds 
========================================================================
Received Import Request.
  Time since last request: 0.226931 seconds.
  path: Assets/Models/Konoba Caterina_Valentin_48592024.fbx
  artifactKey: Guid(3772ae3b8250e1a48b15279f0e45cc3e) Importer(815301076,1909f56bfc062723c751e8b465ee728b)
Start importing Assets/Models/Konoba Caterina_Valentin_48592024.fbx using Guid(3772ae3b8250e1a48b15279f0e45cc3e) Importer(815301076,1909f56bfc062723c751e8b465ee728b)  -> (artifact id: 'f3c37155a682e7afb3b33f5495ffb857') in 0.021640 seconds 
========================================================================
Received Import Request.
  Time since last request: 0.000083 seconds.
  path: Assets/Models/Sanchez Fernandez De La Vega_Ignacio_48389807.fbx
  artifactKey: Guid(a279e9fee1793054f82ab3042192a972) Importer(815301076,1909f56bfc062723c751e8b465ee728b)
Start importing Assets/Models/Sanchez Fernandez De La Vega_Ignacio_48389807.fbx using Guid(a279e9fee1793054f82ab3042192a972) Importer(815301076,1909f56bfc062723c751e8b465ee728b)  -> (artifact id: '089a5043d3101da9e87fe015ff3ed55e') in 0.019436 seconds 
========================================================================
Received Import Request.
  Time since last request: 0.000027 seconds.
  path: Assets/Models/Tiferes_David_48111030.fbx
  artifactKey: Guid(d4a14faf7ac6ade4f842f698ebbe732a) Importer(815301076,1909f56bfc062723c751e8b465ee728b)
Start importing Assets/Models/Tiferes_David_48111030.fbx using Guid(d4a14faf7ac6ade4f842f698ebbe732a) Importer(815301076,1909f56bfc062723c751e8b465ee728b)  -> (artifact id: 'cf61974a6eba0ec0429f27dc2eeb431a') in 0.021896 seconds 
========================================================================
Received Import Request.
  Time since last request: 0.000036 seconds.
  path: Assets/Models/Sosa Riabtschenko_Iván_48240955.fbx
  artifactKey: Guid(fe94ebbcc2c5ecb42ae36f5ab18c2c68) Importer(815301076,1909f56bfc062723c751e8b465ee728b)
Start importing Assets/Models/Sosa Riabtschenko_Iván_48240955.fbx using Guid(fe94ebbcc2c5ecb42ae36f5ab18c2c68) Importer(815301076,1909f56bfc062723c751e8b465ee728b)  -> (artifact id: 'b3d5b857c750378e449b9a5e14357e09') in 0.027808 seconds 
========================================================================
Received Import Request.
  Time since last request: 0.000019 seconds.
  path: Assets/Models/Reizner_Luca_47871931.fbx
  artifactKey: Guid(97b61e9258977154da7065943c6e0bf6) Importer(815301076,1909f56bfc062723c751e8b465ee728b)
Start importing Assets/Models/Reizner_Luca_47871931.fbx using Guid(97b61e9258977154da7065943c6e0bf6) Importer(815301076,1909f56bfc062723c751e8b465ee728b)  -> (artifact id: '02164dc126f28a576de90bdefc14d971') in 0.004702 seconds 
========================================================================
Received Import Request.
  Time since last request: 0.000030 seconds.
  path: Assets/Models/Donato Sesma_Santino Vicente_48111594.fbx
  artifactKey: Guid(81268096cd683d34396eee3dfceb4475) Importer(815301076,1909f56bfc062723c751e8b465ee728b)
Start importing Assets/Models/Donato Sesma_Santino Vicente_48111594.fbx using Guid(81268096cd683d34396eee3dfceb4475) Importer(815301076,1909f56bfc062723c751e8b465ee728b)  -> (artifact id: '2bc23c3219bc6c74514d04555432f901') in 0.018355 seconds 
Editor requested this worker to shutdown with reason: Scaling down because of idle timeout
AssetImportWorker is now disconnected from the server
Process exiting
Exiting without the bug reporter. Application will terminate with return code 0